2019-11-28 23:24:06,260 INFO org.springframework.boot.StartupInfoLogger [restartedMain] Starting TranspcoApplication on DESKTOP-0O5U4EA with PID 16004 (D:\Windows\Documentos\EclipseProjects\TransPCO-master\target\classes started by Estêvão in D:\Windows\Documentos\EclipseProjects\TransPCO-master)
2019-11-28 23:24:06,266 INFO org.springframework.boot.SpringApplication [restartedMain] No active profile set, falling back to default profiles: default
2019-11-28 23:24:06,572 INFO org.springframework.boot.logging.DeferredLog [restartedMain] Devtools property defaults active! Set 'spring.devtools.add-properties' to 'false' to disable
2019-11-28 23:24:06,572 INFO org.springframework.boot.logging.DeferredLog [restartedMain] For additional web related logging consider setting the 'logging.level.web' property to 'DEBUG'
2019-11-28 23:24:07,598 INFO org.springframework.data.repository.config.RepositoryConfigurationDelegate [restartedMain] Bootstrapping Spring Data repositories in DEFAULT mode.
2019-11-28 23:24:07,695 INFO org.springframework.data.repository.config.RepositoryConfigurationDelegate [restartedMain] Finished Spring Data repository scanning in 88ms. Found 3 repository interfaces.
2019-11-28 23:24:08,185 INFO org.springframework.context.support.PostProcessorRegistrationDelegate$BeanPostProcessorChecker [restartedMain] Bean 'org.springframework.transaction.annotation.ProxyTransactionManagementConfiguration' of type [org.springframework.transaction.annotation.ProxyTransactionManagementConfiguration$$EnhancerBySpringCGLIB$$ddb44aea] is not eligible for getting processed by all BeanPostProcessors (for example: not eligible for auto-proxying)
2019-11-28 23:24:08,902 INFO org.springframework.boot.web.embedded.tomcat.TomcatWebServer [restartedMain] Tomcat initialized with port(s): 8080 (http)
2019-11-28 23:24:08,927 INFO org.apache.juli.logging.DirectJDKLog [restartedMain] Initializing ProtocolHandler ["http-nio-8080"]
2019-11-28 23:24:08,944 INFO org.apache.juli.logging.DirectJDKLog [restartedMain] Starting service [Tomcat]
2019-11-28 23:24:08,945 INFO org.apache.juli.logging.DirectJDKLog [restartedMain] Starting Servlet engine: [Apache Tomcat/9.0.24]
2019-11-28 23:24:09,102 INFO org.apache.juli.logging.DirectJDKLog [restartedMain] Initializing Spring embedded WebApplicationContext
2019-11-28 23:24:09,102 INFO org.springframework.boot.web.servlet.context.ServletWebServerApplicationContext [restartedMain] Root WebApplicationContext: initialization completed in 2529 ms
2019-11-28 23:24:09,371 INFO com.zaxxer.hikari.HikariDataSource [restartedMain] HikariPool-1 - Starting...
2019-11-28 23:24:09,587 INFO com.zaxxer.hikari.HikariDataSource [restartedMain] HikariPool-1 - Start completed.
2019-11-28 23:24:09,649 INFO org.hibernate.jpa.internal.util.LogHelper [restartedMain] HHH000204: Processing PersistenceUnitInfo [
	name: default
	...]
2019-11-28 23:24:09,726 INFO org.hibernate.Version [restartedMain] HHH000412: Hibernate Core {5.3.11.Final}
2019-11-28 23:24:09,729 INFO org.hibernate.cfg.Environment [restartedMain] HHH000206: hibernate.properties not found
2019-11-28 23:24:09,960 INFO org.hibernate.annotations.common.reflection.java.JavaReflectionManager [restartedMain] HCANN000001: Hibernate Commons Annotations {5.0.4.Final}
2019-11-28 23:24:10,189 INFO org.hibernate.dialect.Dialect [restartedMain] HHH000400: Using dialect: org.hibernate.dialect.MySQL5Dialect
2019-11-28 23:24:11,385 INFO org.hibernate.tool.schema.internal.SchemaCreatorImpl [restartedMain] HHH000476: Executing import script 'ScriptSourceInputFromUrl(file:/D:/Windows/Documentos/EclipseProjects/TransPCO-master/target/classes/import.sql)'
2019-11-28 23:24:11,439 INFO org.springframework.orm.jpa.AbstractEntityManagerFactoryBean [restartedMain] Initialized JPA EntityManagerFactory for persistence unit 'default'
2019-11-28 23:24:11,455 INFO org.springframework.boot.devtools.autoconfigure.OptionalLiveReloadServer [restartedMain] LiveReload server is running on port 35729
2019-11-28 23:24:12,385 INFO org.springframework.scheduling.concurrent.ExecutorConfigurationSupport [restartedMain] Initializing ExecutorService 'applicationTaskExecutor'
2019-11-28 23:24:12,453 WARN org.springframework.boot.autoconfigure.orm.jpa.JpaBaseConfiguration$JpaWebConfiguration$JpaWebMvcConfiguration [restartedMain] spring.jpa.open-in-view is enabled by default. Therefore, database queries may be performed during view rendering. Explicitly configure spring.jpa.open-in-view to disable this warning
2019-11-28 23:24:13,133 INFO org.apache.juli.logging.DirectJDKLog [restartedMain] Starting ProtocolHandler ["http-nio-8080"]
2019-11-28 23:24:13,165 INFO org.springframework.boot.web.embedded.tomcat.TomcatWebServer [restartedMain] Tomcat started on port(s): 8080 (http) with context path ''
2019-11-28 23:24:13,167 INFO org.springframework.boot.StartupInfoLogger [restartedMain] Started TranspcoApplication in 7.311 seconds (JVM running for 7.973)
2019-11-28 23:24:47,391 INFO org.apache.juli.logging.DirectJDKLog [http-nio-8080-exec-1] Initializing Spring DispatcherServlet 'dispatcherServlet'
2019-11-28 23:24:47,391 INFO org.springframework.web.servlet.FrameworkServlet [http-nio-8080-exec-1] Initializing Servlet 'dispatcherServlet'
2019-11-28 23:24:47,397 INFO org.springframework.web.servlet.FrameworkServlet [http-nio-8080-exec-1] Completed initialization in 6 ms
2019-11-28 23:24:47,425 INFO br.com.brunocarol.transpco.controller.FranquiaController [http-nio-8080-exec-1] Listing 'Franquia' on data source
2019-11-28 23:24:47,456 INFO org.hibernate.hql.internal.QueryTranslatorFactoryInitiator [http-nio-8080-exec-1] HHH000397: Using ASTQueryTranslatorFactory
2019-11-28 23:30:37,806 INFO br.com.brunocarol.transpco.controller.EncomendaController [http-nio-8080-exec-5] Listing 'Encomenda' on data source
2019-11-28 23:30:37,805 INFO br.com.brunocarol.transpco.controller.FranquiaController [http-nio-8080-exec-6] Listing 'Franquia' on data source
2019-11-28 23:30:37,806 INFO br.com.brunocarol.transpco.service.EncomendaService [http-nio-8080-exec-5] Lista com todas as Encomendas
2019-11-28 23:30:39,264 INFO br.com.brunocarol.transpco.controller.FuncionarioController [http-nio-8080-exec-7] Listing 'Funcionario' on data source
2019-11-28 23:30:39,264 INFO br.com.brunocarol.transpco.controller.FranquiaController [http-nio-8080-exec-8] Listing 'Franquia' on data source
2019-11-28 23:30:40,599 INFO br.com.brunocarol.transpco.controller.FranquiaController [http-nio-8080-exec-9] Listing 'Franquia' on data source
2019-11-28 23:30:43,668 INFO br.com.brunocarol.transpco.controller.FranquiaController [http-nio-8080-exec-1] Listing 'Franquia' on data source
2019-11-28 23:30:43,668 INFO br.com.brunocarol.transpco.controller.EncomendaController [http-nio-8080-exec-10] Listing 'Encomenda' on data source
2019-11-28 23:30:43,668 INFO br.com.brunocarol.transpco.service.EncomendaService [http-nio-8080-exec-10] Lista com todas as Encomendas
2019-11-28 23:30:44,231 INFO br.com.brunocarol.transpco.controller.FranquiaController [http-nio-8080-exec-4] Listing 'Franquia' on data source
2019-11-28 23:30:44,231 INFO br.com.brunocarol.transpco.controller.FuncionarioController [http-nio-8080-exec-2] Listing 'Funcionario' on data source
2019-11-28 23:30:45,010 INFO br.com.brunocarol.transpco.controller.FranquiaController [http-nio-8080-exec-3] Listing 'Franquia' on data source
2019-11-28 23:30:45,808 INFO br.com.brunocarol.transpco.controller.EncomendaController [http-nio-8080-exec-6] Listing 'Encomenda' on data source
2019-11-28 23:30:45,808 INFO br.com.brunocarol.transpco.controller.FranquiaController [http-nio-8080-exec-5] Listing 'Franquia' on data source
2019-11-28 23:30:45,809 INFO br.com.brunocarol.transpco.service.EncomendaService [http-nio-8080-exec-6] Lista com todas as Encomendas
2019-11-28 23:30:55,452 INFO br.com.brunocarol.transpco.controller.EncomendaController [http-nio-8080-exec-7] Calculating route 'Encomenda' on data source
2019-11-28 23:30:55,453 INFO br.com.brunocarol.transpco.service.EncomendaService [http-nio-8080-exec-7] Tipo de Encomenda Normal br.com.brunocarol.transpco.model.Encomenda@1f
2019-11-28 23:30:55,453 INFO br.com.brunocarol.transpco.service.EncomendaService [http-nio-8080-exec-7] A Rota foi calculada com sucesso
2019-11-28 23:30:58,053 INFO br.com.brunocarol.transpco.controller.EncomendaController [http-nio-8080-exec-9] Calculating route 'Encomenda' on data source
2019-11-28 23:30:58,066 INFO br.com.brunocarol.transpco.service.EncomendaService [http-nio-8080-exec-9] Adicionado com sucesso a Rota Parcialbr.com.brunocarol.transpco.model.Franquia@20
2019-11-28 23:30:58,066 INFO br.com.brunocarol.transpco.service.EncomendaService [http-nio-8080-exec-9] Removido com sucesso br.com.brunocarol.transpco.model.Franquia@24
2019-11-28 23:30:58,074 INFO br.com.brunocarol.transpco.service.EncomendaService [http-nio-8080-exec-9] Adicionado com sucesso
2019-11-28 23:30:58,074 INFO br.com.brunocarol.transpco.service.EncomendaService [http-nio-8080-exec-9] Removido com sucesso br.com.brunocarol.transpco.model.Franquia@25
2019-11-28 23:30:58,080 INFO br.com.brunocarol.transpco.service.EncomendaService [http-nio-8080-exec-9] Adicionado com sucesso
2019-11-28 23:30:58,081 INFO br.com.brunocarol.transpco.service.EncomendaService [http-nio-8080-exec-9] Removido com sucesso br.com.brunocarol.transpco.model.Franquia@22
2019-11-28 23:30:58,085 INFO br.com.brunocarol.transpco.service.EncomendaService [http-nio-8080-exec-9] Adicionado com sucesso
2019-11-28 23:30:58,085 INFO br.com.brunocarol.transpco.service.EncomendaService [http-nio-8080-exec-9] Removido com sucesso br.com.brunocarol.transpco.model.Franquia@21
2019-11-28 23:30:58,091 INFO br.com.brunocarol.transpco.service.EncomendaService [http-nio-8080-exec-9] Adicionado com sucesso
2019-11-28 23:30:58,091 INFO br.com.brunocarol.transpco.service.EncomendaService [http-nio-8080-exec-9] Removido com sucesso br.com.brunocarol.transpco.model.Franquia@25
2019-11-28 23:30:58,091 INFO br.com.brunocarol.transpco.service.EncomendaService [http-nio-8080-exec-9] Removido com sucesso br.com.brunocarol.transpco.model.Franquia@24
2019-11-28 23:30:58,095 INFO br.com.brunocarol.transpco.service.EncomendaService [http-nio-8080-exec-9] Removido com sucesso[br.com.brunocarol.transpco.model.Franquia@20, br.com.brunocarol.transpco.model.Franquia@24, br.com.brunocarol.transpco.model.Franquia@25, br.com.brunocarol.transpco.model.Franquia@22, br.com.brunocarol.transpco.model.Franquia@21]
2019-11-28 23:30:58,095 INFO br.com.brunocarol.transpco.service.EncomendaService [http-nio-8080-exec-9] Removido com sucesso br.com.brunocarol.transpco.model.Franquia@25
2019-11-28 23:30:58,095 INFO br.com.brunocarol.transpco.service.EncomendaService [http-nio-8080-exec-9] Removido com sucesso br.com.brunocarol.transpco.model.Franquia@24
2019-11-28 23:30:58,098 INFO br.com.brunocarol.transpco.service.EncomendaService [http-nio-8080-exec-9] Removido com sucesso[br.com.brunocarol.transpco.model.Franquia@20, br.com.brunocarol.transpco.model.Franquia@24, br.com.brunocarol.transpco.model.Franquia@25, br.com.brunocarol.transpco.model.Franquia@22, br.com.brunocarol.transpco.model.Franquia@21]
2019-11-28 23:30:58,098 INFO br.com.brunocarol.transpco.service.EncomendaService [http-nio-8080-exec-9] Removido com sucesso br.com.brunocarol.transpco.model.Franquia@21
2019-11-28 23:30:58,098 INFO br.com.brunocarol.transpco.service.EncomendaService [http-nio-8080-exec-9] Removido com sucesso br.com.brunocarol.transpco.model.Franquia@20
2019-11-28 23:30:58,101 INFO br.com.brunocarol.transpco.service.EncomendaService [http-nio-8080-exec-9] Removido com sucesso[br.com.brunocarol.transpco.model.Franquia@20, br.com.brunocarol.transpco.model.Franquia@24, br.com.brunocarol.transpco.model.Franquia@25, br.com.brunocarol.transpco.model.Franquia@22, br.com.brunocarol.transpco.model.Franquia@21]
2019-11-28 23:30:58,101 INFO br.com.brunocarol.transpco.service.EncomendaService [http-nio-8080-exec-9] Removido com sucesso br.com.brunocarol.transpco.model.Franquia@20
2019-11-28 23:30:58,101 INFO br.com.brunocarol.transpco.service.EncomendaService [http-nio-8080-exec-9] Removido com sucesso br.com.brunocarol.transpco.model.Franquia@23
2019-11-28 23:30:58,107 INFO br.com.brunocarol.transpco.service.EncomendaService [http-nio-8080-exec-9] Adicionado com sucesso
2019-11-28 23:30:58,107 INFO br.com.brunocarol.transpco.service.EncomendaService [http-nio-8080-exec-9] Tipo de Encomenda Normal br.com.brunocarol.transpco.model.Encomenda@1f
2019-11-28 23:30:58,107 INFO br.com.brunocarol.transpco.service.EncomendaService [http-nio-8080-exec-9] A Rota foi calculada com sucesso
2019-11-28 23:30:58,122 INFO br.com.brunocarol.transpco.controller.EncomendaController [http-nio-8080-exec-1] Creating 'Encomenda' on data source
2019-11-28 23:30:58,122 INFO br.com.brunocarol.transpco.service.EncomendaService [http-nio-8080-exec-1] Encomenda salva com sucesso
2019-11-28 23:30:58,188 INFO br.com.brunocarol.transpco.controller.EncomendaController [http-nio-8080-exec-4] Listing 'Encomenda' on data source
2019-11-28 23:30:58,188 INFO br.com.brunocarol.transpco.service.EncomendaService [http-nio-8080-exec-4] Lista com todas as Encomendas
2019-11-28 23:31:01,837 INFO br.com.brunocarol.transpco.controller.FuncionarioController [http-nio-8080-exec-2] Listing 'Funcionario' on data source
2019-11-28 23:31:01,837 INFO br.com.brunocarol.transpco.controller.FranquiaController [http-nio-8080-exec-3] Listing 'Franquia' on data source
2019-11-28 23:31:02,323 INFO br.com.brunocarol.transpco.controller.FranquiaController [http-nio-8080-exec-6] Listing 'Franquia' on data source
2019-11-28 23:38:59,319 INFO org.springframework.boot.StartupInfoLogger [restartedMain] Starting TranspcoApplication on DESKTOP-0O5U4EA with PID 4508 (D:\Windows\Documentos\EclipseProjects\TransPCO-master\target\classes started by Estêvão in D:\Windows\Documentos\EclipseProjects\TransPCO-master)
2019-11-28 23:38:59,322 INFO org.springframework.boot.SpringApplication [restartedMain] No active profile set, falling back to default profiles: default
2019-11-28 23:38:59,519 INFO org.springframework.boot.logging.DeferredLog [restartedMain] Devtools property defaults active! Set 'spring.devtools.add-properties' to 'false' to disable
2019-11-28 23:38:59,519 INFO org.springframework.boot.logging.DeferredLog [restartedMain] For additional web related logging consider setting the 'logging.level.web' property to 'DEBUG'
2019-11-28 23:39:00,087 INFO org.springframework.data.repository.config.RepositoryConfigurationDelegate [restartedMain] Bootstrapping Spring Data repositories in DEFAULT mode.
2019-11-28 23:39:00,144 INFO org.springframework.data.repository.config.RepositoryConfigurationDelegate [restartedMain] Finished Spring Data repository scanning in 51ms. Found 3 repository interfaces.
2019-11-28 23:39:00,434 INFO org.springframework.context.support.PostProcessorRegistrationDelegate$BeanPostProcessorChecker [restartedMain] Bean 'org.springframework.transaction.annotation.ProxyTransactionManagementConfiguration' of type [org.springframework.transaction.annotation.ProxyTransactionManagementConfiguration$$EnhancerBySpringCGLIB$$59570cf3] is not eligible for getting processed by all BeanPostProcessors (for example: not eligible for auto-proxying)
2019-11-28 23:39:00,887 INFO org.springframework.boot.web.embedded.tomcat.TomcatWebServer [restartedMain] Tomcat initialized with port(s): 8080 (http)
2019-11-28 23:39:00,901 INFO org.apache.juli.logging.DirectJDKLog [restartedMain] Initializing ProtocolHandler ["http-nio-8080"]
2019-11-28 23:39:00,912 INFO org.apache.juli.logging.DirectJDKLog [restartedMain] Starting service [Tomcat]
2019-11-28 23:39:00,912 INFO org.apache.juli.logging.DirectJDKLog [restartedMain] Starting Servlet engine: [Apache Tomcat/9.0.24]
2019-11-28 23:39:01,006 INFO org.apache.juli.logging.DirectJDKLog [restartedMain] Initializing Spring embedded WebApplicationContext
2019-11-28 23:39:01,007 INFO org.springframework.boot.web.servlet.context.ServletWebServerApplicationContext [restartedMain] Root WebApplicationContext: initialization completed in 1488 ms
2019-11-28 23:39:01,148 INFO com.zaxxer.hikari.HikariDataSource [restartedMain] HikariPool-1 - Starting...
2019-11-28 23:39:01,276 INFO com.zaxxer.hikari.HikariDataSource [restartedMain] HikariPool-1 - Start completed.
2019-11-28 23:39:01,318 INFO org.hibernate.jpa.internal.util.LogHelper [restartedMain] HHH000204: Processing PersistenceUnitInfo [
	name: default
	...]
2019-11-28 23:39:01,370 INFO org.hibernate.Version [restartedMain] HHH000412: Hibernate Core {5.3.11.Final}
2019-11-28 23:39:01,371 INFO org.hibernate.cfg.Environment [restartedMain] HHH000206: hibernate.properties not found
2019-11-28 23:39:01,516 INFO org.hibernate.annotations.common.reflection.java.JavaReflectionManager [restartedMain] HCANN000001: Hibernate Commons Annotations {5.0.4.Final}
2019-11-28 23:39:01,632 INFO org.hibernate.dialect.Dialect [restartedMain] HHH000400: Using dialect: org.hibernate.dialect.MySQL5Dialect
2019-11-28 23:39:02,363 INFO org.hibernate.tool.schema.internal.SchemaCreatorImpl [restartedMain] HHH000476: Executing import script 'ScriptSourceInputFromUrl(file:/D:/Windows/Documentos/EclipseProjects/TransPCO-master/target/classes/import.sql)'
2019-11-28 23:39:02,408 INFO org.springframework.orm.jpa.AbstractEntityManagerFactoryBean [restartedMain] Initialized JPA EntityManagerFactory for persistence unit 'default'
2019-11-28 23:39:02,421 INFO org.springframework.boot.devtools.autoconfigure.OptionalLiveReloadServer [restartedMain] LiveReload server is running on port 35729
2019-11-28 23:39:03,044 INFO org.springframework.scheduling.concurrent.ExecutorConfigurationSupport [restartedMain] Initializing ExecutorService 'applicationTaskExecutor'
2019-11-28 23:39:03,083 WARN org.springframework.boot.autoconfigure.orm.jpa.JpaBaseConfiguration$JpaWebConfiguration$JpaWebMvcConfiguration [restartedMain] spring.jpa.open-in-view is enabled by default. Therefore, database queries may be performed during view rendering. Explicitly configure spring.jpa.open-in-view to disable this warning
2019-11-28 23:39:03,497 INFO org.apache.juli.logging.DirectJDKLog [restartedMain] Starting ProtocolHandler ["http-nio-8080"]
2019-11-28 23:39:03,517 INFO org.springframework.boot.web.embedded.tomcat.TomcatWebServer [restartedMain] Tomcat started on port(s): 8080 (http) with context path ''
2019-11-28 23:39:03,519 INFO org.springframework.boot.StartupInfoLogger [restartedMain] Started TranspcoApplication in 4.417 seconds (JVM running for 4.925)
