2019-11-30 02:23:44,762 INFO org.springframework.boot.StartupInfoLogger [restartedMain] Starting TranspcoApplication on DESKTOP-0O5U4EA with PID 8888 (D:\Windows\Documentos\EclipseProjects\TransPCO-master\target\classes started by Estêvão in D:\Windows\Documentos\EclipseProjects\TransPCO-master)
2019-11-30 02:23:44,766 INFO org.springframework.boot.SpringApplication [restartedMain] No active profile set, falling back to default profiles: default
2019-11-30 02:23:45,007 INFO org.springframework.boot.logging.DeferredLog [restartedMain] Devtools property defaults active! Set 'spring.devtools.add-properties' to 'false' to disable
2019-11-30 02:23:45,008 INFO org.springframework.boot.logging.DeferredLog [restartedMain] For additional web related logging consider setting the 'logging.level.web' property to 'DEBUG'
2019-11-30 02:23:45,833 INFO org.springframework.data.repository.config.RepositoryConfigurationDelegate [restartedMain] Bootstrapping Spring Data repositories in DEFAULT mode.
2019-11-30 02:23:45,916 INFO org.springframework.data.repository.config.RepositoryConfigurationDelegate [restartedMain] Finished Spring Data repository scanning in 74ms. Found 3 repository interfaces.
2019-11-30 02:23:46,297 INFO org.springframework.context.support.PostProcessorRegistrationDelegate$BeanPostProcessorChecker [restartedMain] Bean 'org.springframework.transaction.annotation.ProxyTransactionManagementConfiguration' of type [org.springframework.transaction.annotation.ProxyTransactionManagementConfiguration$$EnhancerBySpringCGLIB$$69e57fce] is not eligible for getting processed by all BeanPostProcessors (for example: not eligible for auto-proxying)
2019-11-30 02:23:46,850 INFO org.springframework.boot.web.embedded.tomcat.TomcatWebServer [restartedMain] Tomcat initialized with port(s): 8080 (http)
2019-11-30 02:23:46,867 INFO org.apache.juli.logging.DirectJDKLog [restartedMain] Initializing ProtocolHandler ["http-nio-8080"]
2019-11-30 02:23:46,883 INFO org.apache.juli.logging.DirectJDKLog [restartedMain] Starting service [Tomcat]
2019-11-30 02:23:46,884 INFO org.apache.juli.logging.DirectJDKLog [restartedMain] Starting Servlet engine: [Apache Tomcat/9.0.24]
2019-11-30 02:23:46,995 INFO org.apache.juli.logging.DirectJDKLog [restartedMain] Initializing Spring embedded WebApplicationContext
2019-11-30 02:23:46,995 INFO org.springframework.boot.web.servlet.context.ServletWebServerApplicationContext [restartedMain] Root WebApplicationContext: initialization completed in 1987 ms
2019-11-30 02:23:47,255 INFO com.zaxxer.hikari.HikariDataSource [restartedMain] HikariPool-1 - Starting...
2019-11-30 02:23:47,460 INFO com.zaxxer.hikari.HikariDataSource [restartedMain] HikariPool-1 - Start completed.
2019-11-30 02:23:47,519 INFO org.hibernate.jpa.internal.util.LogHelper [restartedMain] HHH000204: Processing PersistenceUnitInfo [
	name: default
	...]
2019-11-30 02:23:47,586 INFO org.hibernate.Version [restartedMain] HHH000412: Hibernate Core {5.3.11.Final}
2019-11-30 02:23:47,588 INFO org.hibernate.cfg.Environment [restartedMain] HHH000206: hibernate.properties not found
2019-11-30 02:23:47,784 INFO org.hibernate.annotations.common.reflection.java.JavaReflectionManager [restartedMain] HCANN000001: Hibernate Commons Annotations {5.0.4.Final}
2019-11-30 02:23:47,987 INFO org.hibernate.dialect.Dialect [restartedMain] HHH000400: Using dialect: org.hibernate.dialect.MySQL5Dialect
2019-11-30 02:23:49,062 INFO org.hibernate.tool.schema.internal.SchemaCreatorImpl [restartedMain] HHH000476: Executing import script 'ScriptSourceInputFromUrl(file:/D:/Windows/Documentos/EclipseProjects/TransPCO-master/target/classes/import.sql)'
2019-11-30 02:23:49,109 INFO org.springframework.orm.jpa.AbstractEntityManagerFactoryBean [restartedMain] Initialized JPA EntityManagerFactory for persistence unit 'default'
2019-11-30 02:23:49,125 INFO org.springframework.boot.devtools.autoconfigure.OptionalLiveReloadServer [restartedMain] LiveReload server is running on port 35729
2019-11-30 02:23:49,942 INFO org.springframework.scheduling.concurrent.ExecutorConfigurationSupport [restartedMain] Initializing ExecutorService 'applicationTaskExecutor'
2019-11-30 02:23:50,001 WARN org.springframework.boot.autoconfigure.orm.jpa.JpaBaseConfiguration$JpaWebConfiguration$JpaWebMvcConfiguration [restartedMain] spring.jpa.open-in-view is enabled by default. Therefore, database queries may be performed during view rendering. Explicitly configure spring.jpa.open-in-view to disable this warning
2019-11-30 02:23:50,636 INFO org.apache.juli.logging.DirectJDKLog [restartedMain] Starting ProtocolHandler ["http-nio-8080"]
2019-11-30 02:23:50,670 INFO org.springframework.boot.web.embedded.tomcat.TomcatWebServer [restartedMain] Tomcat started on port(s): 8080 (http) with context path ''
2019-11-30 02:23:50,672 INFO org.springframework.boot.StartupInfoLogger [restartedMain] Started TranspcoApplication in 6.151 seconds (JVM running for 6.565)
2019-11-30 02:24:43,909 INFO org.apache.juli.logging.DirectJDKLog [http-nio-8080-exec-1] Initializing Spring DispatcherServlet 'dispatcherServlet'
2019-11-30 02:24:43,909 INFO org.springframework.web.servlet.FrameworkServlet [http-nio-8080-exec-1] Initializing Servlet 'dispatcherServlet'
2019-11-30 02:24:43,919 INFO org.springframework.web.servlet.FrameworkServlet [http-nio-8080-exec-1] Completed initialization in 9 ms
2019-11-30 02:24:43,976 INFO br.com.brunocarol.transpco.controller.FranquiaController [http-nio-8080-exec-1] Listing 'Franquia' on data source
2019-11-30 02:24:44,018 INFO org.hibernate.hql.internal.QueryTranslatorFactoryInitiator [http-nio-8080-exec-1] HHH000397: Using ASTQueryTranslatorFactory
2019-11-30 02:24:45,277 INFO br.com.brunocarol.transpco.controller.FranquiaController [http-nio-8080-exec-3] Listing 'Franquia' on data source
2019-11-30 02:24:45,277 INFO br.com.brunocarol.transpco.controller.EncomendaController [http-nio-8080-exec-2] Listing 'Encomenda' on data source
2019-11-30 02:24:45,277 INFO br.com.brunocarol.transpco.service.EncomendaService [http-nio-8080-exec-2] Lista com todas as Encomendas
2019-11-30 02:24:45,761 INFO br.com.brunocarol.transpco.controller.FuncionarioController [http-nio-8080-exec-4] Listing 'Funcionario' on data source
2019-11-30 02:24:45,761 INFO br.com.brunocarol.transpco.controller.FranquiaController [http-nio-8080-exec-5] Listing 'Franquia' on data source
2019-11-30 02:24:46,283 INFO br.com.brunocarol.transpco.controller.FranquiaController [http-nio-8080-exec-6] Listing 'Franquia' on data source
