2019-12-07 04:27:37,882 INFO org.springframework.boot.StartupInfoLogger [restartedMain] Starting TranspcoApplication on DESKTOP-0O5U4EA with PID 4652 (D:\Windows\Documentos\EclipseProjects\TransPCO-master\target\classes started by Estêvão in D:\Windows\Documentos\EclipseProjects\TransPCO-master)
2019-12-07 04:27:37,886 INFO org.springframework.boot.SpringApplication [restartedMain] No active profile set, falling back to default profiles: default
2019-12-07 04:27:38,132 INFO org.springframework.boot.logging.DeferredLog [restartedMain] Devtools property defaults active! Set 'spring.devtools.add-properties' to 'false' to disable
2019-12-07 04:27:38,133 INFO org.springframework.boot.logging.DeferredLog [restartedMain] For additional web related logging consider setting the 'logging.level.web' property to 'DEBUG'
2019-12-07 04:27:38,912 INFO org.springframework.data.repository.config.RepositoryConfigurationDelegate [restartedMain] Bootstrapping Spring Data repositories in DEFAULT mode.
2019-12-07 04:27:38,984 INFO org.springframework.data.repository.config.RepositoryConfigurationDelegate [restartedMain] Finished Spring Data repository scanning in 55ms. Found 3 repository interfaces.
2019-12-07 04:27:39,318 INFO org.springframework.context.support.PostProcessorRegistrationDelegate$BeanPostProcessorChecker [restartedMain] Bean 'org.springframework.transaction.annotation.ProxyTransactionManagementConfiguration' of type [org.springframework.transaction.annotation.ProxyTransactionManagementConfiguration$$EnhancerBySpringCGLIB$$75e8da0f] is not eligible for getting processed by all BeanPostProcessors (for example: not eligible for auto-proxying)
2019-12-07 04:27:39,805 INFO org.springframework.boot.web.embedded.tomcat.TomcatWebServer [restartedMain] Tomcat initialized with port(s): 8080 (http)
2019-12-07 04:27:39,821 INFO org.apache.juli.logging.DirectJDKLog [restartedMain] Initializing ProtocolHandler ["http-nio-8080"]
2019-12-07 04:27:39,821 INFO org.apache.juli.logging.DirectJDKLog [restartedMain] Starting service [Tomcat]
2019-12-07 04:27:39,821 INFO org.apache.juli.logging.DirectJDKLog [restartedMain] Starting Servlet engine: [Apache Tomcat/9.0.24]
2019-12-07 04:27:39,930 INFO org.apache.juli.logging.DirectJDKLog [restartedMain] Initializing Spring embedded WebApplicationContext
2019-12-07 04:27:39,930 INFO org.springframework.boot.web.servlet.context.ServletWebServerApplicationContext [restartedMain] Root WebApplicationContext: initialization completed in 1797 ms
2019-12-07 04:27:40,086 INFO com.zaxxer.hikari.HikariDataSource [restartedMain] HikariPool-1 - Starting...
2019-12-07 04:27:40,576 INFO com.zaxxer.hikari.HikariDataSource [restartedMain] HikariPool-1 - Start completed.
2019-12-07 04:27:40,638 INFO org.hibernate.jpa.internal.util.LogHelper [restartedMain] HHH000204: Processing PersistenceUnitInfo [
	name: default
	...]
2019-12-07 04:27:40,729 INFO org.hibernate.Version [restartedMain] HHH000412: Hibernate Core {5.3.11.Final}
2019-12-07 04:27:40,731 INFO org.hibernate.cfg.Environment [restartedMain] HHH000206: hibernate.properties not found
2019-12-07 04:27:40,935 INFO org.hibernate.annotations.common.reflection.java.JavaReflectionManager [restartedMain] HCANN000001: Hibernate Commons Annotations {5.0.4.Final}
2019-12-07 04:27:41,296 INFO org.hibernate.dialect.Dialect [restartedMain] HHH000400: Using dialect: org.hibernate.dialect.MySQL5Dialect
2019-12-07 04:27:42,464 INFO org.hibernate.tool.schema.internal.SchemaCreatorImpl [restartedMain] HHH000476: Executing import script 'ScriptSourceInputFromUrl(file:/D:/Windows/Documentos/EclipseProjects/TransPCO-master/target/classes/import.sql)'
2019-12-07 04:27:42,540 INFO org.springframework.orm.jpa.AbstractEntityManagerFactoryBean [restartedMain] Initialized JPA EntityManagerFactory for persistence unit 'default'
2019-12-07 04:27:42,561 INFO org.springframework.boot.devtools.autoconfigure.OptionalLiveReloadServer [restartedMain] LiveReload server is running on port 35729
2019-12-07 04:27:43,841 INFO org.springframework.scheduling.concurrent.ExecutorConfigurationSupport [restartedMain] Initializing ExecutorService 'applicationTaskExecutor'
2019-12-07 04:27:43,926 WARN org.springframework.boot.autoconfigure.orm.jpa.JpaBaseConfiguration$JpaWebConfiguration$JpaWebMvcConfiguration [restartedMain] spring.jpa.open-in-view is enabled by default. Therefore, database queries may be performed during view rendering. Explicitly configure spring.jpa.open-in-view to disable this warning
2019-12-07 04:27:44,661 INFO org.apache.juli.logging.DirectJDKLog [restartedMain] Starting ProtocolHandler ["http-nio-8080"]
2019-12-07 04:27:44,676 INFO org.springframework.boot.web.embedded.tomcat.TomcatWebServer [restartedMain] Tomcat started on port(s): 8080 (http) with context path ''
2019-12-07 04:27:44,692 INFO org.springframework.boot.StartupInfoLogger [restartedMain] Started TranspcoApplication in 7.115 seconds (JVM running for 7.648)
2019-12-07 04:29:26,245 INFO org.apache.juli.logging.DirectJDKLog [http-nio-8080-exec-2] Initializing Spring DispatcherServlet 'dispatcherServlet'
2019-12-07 04:29:26,245 INFO org.springframework.web.servlet.FrameworkServlet [http-nio-8080-exec-2] Initializing Servlet 'dispatcherServlet'
2019-12-07 04:29:26,249 INFO org.springframework.web.servlet.FrameworkServlet [http-nio-8080-exec-2] Completed initialization in 4 ms
2019-12-07 04:29:26,296 INFO br.com.brunocarol.transpco.controller.FranquiaController [http-nio-8080-exec-2] Listing 'Franquia' on data source
2019-12-07 04:29:26,296 INFO br.com.brunocarol.transpco.controller.EncomendaController [http-nio-8080-exec-1] Listing 'Encomenda' on data source
2019-12-07 04:29:26,296 INFO br.com.brunocarol.transpco.service.EncomendaService [http-nio-8080-exec-1] Lista com todas as Encomendas
2019-12-07 04:29:26,335 INFO org.hibernate.hql.internal.QueryTranslatorFactoryInitiator [http-nio-8080-exec-2] HHH000397: Using ASTQueryTranslatorFactory
2019-12-07 04:29:27,926 INFO br.com.brunocarol.transpco.controller.FuncionarioController [http-nio-8080-exec-4] Listing 'Funcionario' on data source
2019-12-07 04:29:27,926 INFO br.com.brunocarol.transpco.controller.FranquiaController [http-nio-8080-exec-3] Listing 'Franquia' on data source
2019-12-07 04:29:28,895 INFO br.com.brunocarol.transpco.controller.FranquiaController [http-nio-8080-exec-5] Listing 'Franquia' on data source
2019-12-07 04:29:32,835 INFO br.com.brunocarol.transpco.controller.FranquiaController [http-nio-8080-exec-7] Listing 'Franquia' on data source
2019-12-07 04:29:32,835 INFO br.com.brunocarol.transpco.controller.FuncionarioController [http-nio-8080-exec-6] Listing 'Funcionario' on data source
2019-12-07 04:29:33,340 INFO br.com.brunocarol.transpco.controller.EncomendaController [http-nio-8080-exec-9] Listing 'Encomenda' on data source
2019-12-07 04:29:33,341 INFO br.com.brunocarol.transpco.service.EncomendaService [http-nio-8080-exec-9] Lista com todas as Encomendas
2019-12-07 04:29:33,342 INFO br.com.brunocarol.transpco.controller.FranquiaController [http-nio-8080-exec-8] Listing 'Franquia' on data source
2019-12-07 04:29:36,272 INFO br.com.brunocarol.transpco.controller.FranquiaController [http-nio-8080-exec-2] Listing 'Franquia' on data source
2019-12-07 04:29:36,272 INFO br.com.brunocarol.transpco.controller.EncomendaController [http-nio-8080-exec-1] Listing 'Encomenda' on data source
2019-12-07 04:29:36,272 INFO br.com.brunocarol.transpco.service.EncomendaService [http-nio-8080-exec-1] Lista com todas as Encomendas
2019-12-07 04:29:55,173 INFO br.com.brunocarol.transpco.controller.EncomendaController [http-nio-8080-exec-4] Calculating route 'Encomenda' on data source
2019-12-07 04:29:55,188 INFO br.com.brunocarol.transpco.service.EncomendaService [http-nio-8080-exec-4] Adicionado com sucesso a Rota Parcialbr.com.brunocarol.transpco.model.Franquia@21
2019-12-07 04:29:55,188 INFO br.com.brunocarol.transpco.service.EncomendaService [http-nio-8080-exec-4] Removido com sucesso br.com.brunocarol.transpco.model.Franquia@22
2019-12-07 04:29:55,199 INFO br.com.brunocarol.transpco.service.EncomendaService [http-nio-8080-exec-4] Adicionado com sucesso
2019-12-07 04:29:55,199 INFO br.com.brunocarol.transpco.service.EncomendaService [http-nio-8080-exec-4] Removido com sucesso br.com.brunocarol.transpco.model.Franquia@25
2019-12-07 04:29:55,210 INFO br.com.brunocarol.transpco.service.EncomendaService [http-nio-8080-exec-4] Adicionado com sucesso
2019-12-07 04:29:55,210 INFO br.com.brunocarol.transpco.service.EncomendaService [http-nio-8080-exec-4] Removido com sucesso br.com.brunocarol.transpco.model.Franquia@20
2019-12-07 04:29:55,220 INFO br.com.brunocarol.transpco.service.EncomendaService [http-nio-8080-exec-4] Adicionado com sucesso
2019-12-07 04:29:55,220 INFO br.com.brunocarol.transpco.service.EncomendaService [http-nio-8080-exec-4] Removido com sucesso br.com.brunocarol.transpco.model.Franquia@24
2019-12-07 04:29:55,227 INFO br.com.brunocarol.transpco.service.EncomendaService [http-nio-8080-exec-4] Adicionado com sucesso
2019-12-07 04:29:55,228 INFO br.com.brunocarol.transpco.service.EncomendaService [http-nio-8080-exec-4] Tipo de Encomenda Normal br.com.brunocarol.transpco.model.Encomenda@1f
2019-12-07 04:29:55,228 INFO br.com.brunocarol.transpco.service.EncomendaService [http-nio-8080-exec-4] A Rota foi calculada com sucesso
2019-12-07 04:29:55,247 INFO br.com.brunocarol.transpco.controller.EncomendaController [http-nio-8080-exec-7] Creating 'Encomenda' on data source
2019-12-07 04:29:55,247 INFO br.com.brunocarol.transpco.service.EncomendaService [http-nio-8080-exec-7] Encomenda salva com sucesso
2019-12-07 04:29:55,306 INFO br.com.brunocarol.transpco.controller.EncomendaController [http-nio-8080-exec-6] Listing 'Encomenda' on data source
2019-12-07 04:29:55,306 INFO br.com.brunocarol.transpco.service.EncomendaService [http-nio-8080-exec-6] Lista com todas as Encomendas
2019-12-07 04:30:25,814 INFO br.com.brunocarol.transpco.controller.EncomendaController [http-nio-8080-exec-9] Calculating route 'Encomenda' on data source
2019-12-07 04:30:25,824 INFO br.com.brunocarol.transpco.service.EncomendaService [http-nio-8080-exec-9] Adicionado com sucesso a Rota Parcialbr.com.brunocarol.transpco.model.Franquia@23
2019-12-07 04:30:25,824 INFO br.com.brunocarol.transpco.service.EncomendaService [http-nio-8080-exec-9] Removido com sucesso br.com.brunocarol.transpco.model.Franquia@25
2019-12-07 04:30:25,831 INFO br.com.brunocarol.transpco.service.EncomendaService [http-nio-8080-exec-9] Adicionado com sucesso
2019-12-07 04:30:25,831 INFO br.com.brunocarol.transpco.service.EncomendaService [http-nio-8080-exec-9] Tipo de Encomenda Normal br.com.brunocarol.transpco.model.Encomenda@1f
2019-12-07 04:30:25,831 INFO br.com.brunocarol.transpco.service.EncomendaService [http-nio-8080-exec-9] A Rota foi calculada com sucesso
2019-12-07 04:30:25,838 INFO br.com.brunocarol.transpco.controller.EncomendaController [http-nio-8080-exec-8] Creating 'Encomenda' on data source
2019-12-07 04:30:25,839 INFO br.com.brunocarol.transpco.service.EncomendaService [http-nio-8080-exec-8] Encomenda salva com sucesso
2019-12-07 04:30:25,856 INFO br.com.brunocarol.transpco.controller.EncomendaController [http-nio-8080-exec-10] Listing 'Encomenda' on data source
2019-12-07 04:30:25,856 INFO br.com.brunocarol.transpco.service.EncomendaService [http-nio-8080-exec-10] Lista com todas as Encomendas
2019-12-07 04:31:06,700 INFO br.com.brunocarol.transpco.controller.EncomendaController [http-nio-8080-exec-2] Calculating route 'Encomenda' on data source
2019-12-07 04:31:06,706 INFO br.com.brunocarol.transpco.service.EncomendaService [http-nio-8080-exec-2] Nós adicionado com sucesso br.com.brunocarol.transpco.dijkstra.Node@e02920f
2019-12-07 04:31:06,706 INFO br.com.brunocarol.transpco.dijkstra.Grafo [http-nio-8080-exec-2] Adicionado com sucesso
2019-12-07 04:31:06,706 INFO br.com.brunocarol.transpco.service.EncomendaService [http-nio-8080-exec-2] Grafo salvo com os nós com sucessobr.com.brunocarol.transpco.dijkstra.Node@e02920f
2019-12-07 04:31:06,707 INFO br.com.brunocarol.transpco.service.EncomendaService [http-nio-8080-exec-2] Nós adicionado com sucesso br.com.brunocarol.transpco.dijkstra.Node@15475b85
2019-12-07 04:31:06,707 INFO br.com.brunocarol.transpco.dijkstra.Grafo [http-nio-8080-exec-2] Adicionado com sucesso
2019-12-07 04:31:06,707 INFO br.com.brunocarol.transpco.service.EncomendaService [http-nio-8080-exec-2] Grafo salvo com os nós com sucessobr.com.brunocarol.transpco.dijkstra.Node@15475b85
2019-12-07 04:31:06,707 INFO br.com.brunocarol.transpco.service.EncomendaService [http-nio-8080-exec-2] Nós adicionado com sucesso br.com.brunocarol.transpco.dijkstra.Node@1f9a363d
2019-12-07 04:31:06,707 INFO br.com.brunocarol.transpco.dijkstra.Grafo [http-nio-8080-exec-2] Adicionado com sucesso
2019-12-07 04:31:06,707 INFO br.com.brunocarol.transpco.service.EncomendaService [http-nio-8080-exec-2] Grafo salvo com os nós com sucessobr.com.brunocarol.transpco.dijkstra.Node@1f9a363d
2019-12-07 04:31:06,707 INFO br.com.brunocarol.transpco.service.EncomendaService [http-nio-8080-exec-2] Nós adicionado com sucesso br.com.brunocarol.transpco.dijkstra.Node@7d256e06
2019-12-07 04:31:06,707 INFO br.com.brunocarol.transpco.dijkstra.Grafo [http-nio-8080-exec-2] Adicionado com sucesso
2019-12-07 04:31:06,707 INFO br.com.brunocarol.transpco.service.EncomendaService [http-nio-8080-exec-2] Grafo salvo com os nós com sucessobr.com.brunocarol.transpco.dijkstra.Node@7d256e06
2019-12-07 04:31:06,707 INFO br.com.brunocarol.transpco.service.EncomendaService [http-nio-8080-exec-2] Nós adicionado com sucesso br.com.brunocarol.transpco.dijkstra.Node@67ad0947
2019-12-07 04:31:06,708 INFO br.com.brunocarol.transpco.dijkstra.Grafo [http-nio-8080-exec-2] Adicionado com sucesso
2019-12-07 04:31:06,708 INFO br.com.brunocarol.transpco.service.EncomendaService [http-nio-8080-exec-2] Grafo salvo com os nós com sucessobr.com.brunocarol.transpco.dijkstra.Node@67ad0947
2019-12-07 04:31:06,708 INFO br.com.brunocarol.transpco.service.EncomendaService [http-nio-8080-exec-2] Nós adicionado com sucesso br.com.brunocarol.transpco.dijkstra.Node@4899fd44
2019-12-07 04:31:06,708 INFO br.com.brunocarol.transpco.dijkstra.Grafo [http-nio-8080-exec-2] Adicionado com sucesso
2019-12-07 04:31:06,708 INFO br.com.brunocarol.transpco.service.EncomendaService [http-nio-8080-exec-2] Grafo salvo com os nós com sucessobr.com.brunocarol.transpco.dijkstra.Node@4899fd44
2019-12-07 04:31:06,713 INFO br.com.brunocarol.transpco.dijkstra.Dijkstra [http-nio-8080-exec-2] Retornado com sucesso
2019-12-07 04:31:06,713 INFO br.com.brunocarol.transpco.dijkstra.Dijkstra [http-nio-8080-exec-2] Remoção currentNode foi um sucesso
2019-12-07 04:31:06,713 INFO br.com.brunocarol.transpco.dijkstra.Dijkstra [http-nio-8080-exec-2] Inserido com sucesso br.com.brunocarol.transpco.dijkstra.Node@1f9a363d
2019-12-07 04:31:06,713 INFO br.com.brunocarol.transpco.dijkstra.Dijkstra [http-nio-8080-exec-2] Calculo realizadobr.com.brunocarol.transpco.dijkstra.Node@15475b85
2019-12-07 04:31:06,713 INFO br.com.brunocarol.transpco.dijkstra.Dijkstra [http-nio-8080-exec-2] Inserido com sucesso br.com.brunocarol.transpco.dijkstra.Node@15475b85
2019-12-07 04:31:06,714 INFO br.com.brunocarol.transpco.dijkstra.Dijkstra [http-nio-8080-exec-2] Inserido com sucesso br.com.brunocarol.transpco.dijkstra.Node@1f9a363d
2019-12-07 04:31:06,714 INFO br.com.brunocarol.transpco.dijkstra.Dijkstra [http-nio-8080-exec-2] Calculo realizadobr.com.brunocarol.transpco.dijkstra.Node@67ad0947
2019-12-07 04:31:06,714 INFO br.com.brunocarol.transpco.dijkstra.Dijkstra [http-nio-8080-exec-2] Inserido com sucesso br.com.brunocarol.transpco.dijkstra.Node@67ad0947
2019-12-07 04:31:06,714 INFO br.com.brunocarol.transpco.dijkstra.Dijkstra [http-nio-8080-exec-2] Inserido com sucesso br.com.brunocarol.transpco.dijkstra.Node@1f9a363d
2019-12-07 04:31:06,714 INFO br.com.brunocarol.transpco.dijkstra.Dijkstra [http-nio-8080-exec-2] Calculo realizadobr.com.brunocarol.transpco.dijkstra.Node@4899fd44
2019-12-07 04:31:06,714 INFO br.com.brunocarol.transpco.dijkstra.Dijkstra [http-nio-8080-exec-2] Inserido com sucesso br.com.brunocarol.transpco.dijkstra.Node@4899fd44
2019-12-07 04:31:06,714 INFO br.com.brunocarol.transpco.dijkstra.Dijkstra [http-nio-8080-exec-2] Retornado com sucesso
2019-12-07 04:31:06,714 INFO br.com.brunocarol.transpco.dijkstra.Dijkstra [http-nio-8080-exec-2] Remoção currentNode foi um sucesso
2019-12-07 04:31:06,714 INFO br.com.brunocarol.transpco.dijkstra.Dijkstra [http-nio-8080-exec-2] Calculo realizadobr.com.brunocarol.transpco.dijkstra.Node@67ad0947
2019-12-07 04:31:06,715 INFO br.com.brunocarol.transpco.dijkstra.Dijkstra [http-nio-8080-exec-2] Inserido com sucesso br.com.brunocarol.transpco.dijkstra.Node@67ad0947
2019-12-07 04:31:06,715 INFO br.com.brunocarol.transpco.dijkstra.Dijkstra [http-nio-8080-exec-2] Calculo realizadobr.com.brunocarol.transpco.dijkstra.Node@4899fd44
2019-12-07 04:31:06,715 INFO br.com.brunocarol.transpco.dijkstra.Dijkstra [http-nio-8080-exec-2] Inserido com sucesso br.com.brunocarol.transpco.dijkstra.Node@4899fd44
2019-12-07 04:31:06,715 INFO br.com.brunocarol.transpco.dijkstra.Dijkstra [http-nio-8080-exec-2] Retornado com sucesso
2019-12-07 04:31:06,715 INFO br.com.brunocarol.transpco.dijkstra.Dijkstra [http-nio-8080-exec-2] Remoção currentNode foi um sucesso
2019-12-07 04:31:06,715 INFO br.com.brunocarol.transpco.dijkstra.Dijkstra [http-nio-8080-exec-2] Inserido com sucesso br.com.brunocarol.transpco.dijkstra.Node@4899fd44
2019-12-07 04:31:06,715 INFO br.com.brunocarol.transpco.dijkstra.Dijkstra [http-nio-8080-exec-2] Calculo realizadobr.com.brunocarol.transpco.dijkstra.Node@e02920f
2019-12-07 04:31:06,715 INFO br.com.brunocarol.transpco.dijkstra.Dijkstra [http-nio-8080-exec-2] Inserido com sucesso br.com.brunocarol.transpco.dijkstra.Node@e02920f
2019-12-07 04:31:06,715 INFO br.com.brunocarol.transpco.dijkstra.Dijkstra [http-nio-8080-exec-2] Retornado com sucesso
2019-12-07 04:31:06,715 INFO br.com.brunocarol.transpco.dijkstra.Dijkstra [http-nio-8080-exec-2] Remoção currentNode foi um sucesso
2019-12-07 04:31:06,725 INFO br.com.brunocarol.transpco.dijkstra.Dijkstra [http-nio-8080-exec-2] Inserido com sucesso br.com.brunocarol.transpco.dijkstra.Node@e02920f
2019-12-07 04:31:06,725 INFO br.com.brunocarol.transpco.dijkstra.Dijkstra [http-nio-8080-exec-2] Calculo realizadobr.com.brunocarol.transpco.dijkstra.Node@7d256e06
2019-12-07 04:31:06,725 INFO br.com.brunocarol.transpco.dijkstra.Dijkstra [http-nio-8080-exec-2] Inserido com sucesso br.com.brunocarol.transpco.dijkstra.Node@7d256e06
2019-12-07 04:31:06,725 INFO br.com.brunocarol.transpco.dijkstra.Dijkstra [http-nio-8080-exec-2] Inserido com sucesso br.com.brunocarol.transpco.dijkstra.Node@e02920f
2019-12-07 04:31:06,725 INFO br.com.brunocarol.transpco.dijkstra.Dijkstra [http-nio-8080-exec-2] Calculo realizadobr.com.brunocarol.transpco.dijkstra.Node@67ad0947
2019-12-07 04:31:06,726 INFO br.com.brunocarol.transpco.dijkstra.Dijkstra [http-nio-8080-exec-2] Inserido com sucesso br.com.brunocarol.transpco.dijkstra.Node@67ad0947
2019-12-07 04:31:06,726 INFO br.com.brunocarol.transpco.dijkstra.Dijkstra [http-nio-8080-exec-2] Retornado com sucesso
2019-12-07 04:31:06,726 INFO br.com.brunocarol.transpco.dijkstra.Dijkstra [http-nio-8080-exec-2] Remoção currentNode foi um sucesso
2019-12-07 04:31:06,726 INFO br.com.brunocarol.transpco.dijkstra.Dijkstra [http-nio-8080-exec-2] Calculo realizadobr.com.brunocarol.transpco.dijkstra.Node@7d256e06
2019-12-07 04:31:06,726 INFO br.com.brunocarol.transpco.dijkstra.Dijkstra [http-nio-8080-exec-2] Inserido com sucesso br.com.brunocarol.transpco.dijkstra.Node@7d256e06
2019-12-07 04:31:06,726 INFO br.com.brunocarol.transpco.dijkstra.Dijkstra [http-nio-8080-exec-2] Retornado com sucesso
2019-12-07 04:31:06,726 INFO br.com.brunocarol.transpco.dijkstra.Dijkstra [http-nio-8080-exec-2] Remoção currentNode foi um sucesso
2019-12-07 04:31:06,726 INFO br.com.brunocarol.transpco.dijkstra.Grafo [http-nio-8080-exec-2] Lista de nós retornada com sucesso
2019-12-07 04:31:06,726 INFO br.com.brunocarol.transpco.service.EncomendaService [http-nio-8080-exec-2] Rota retornada com sucesso [br.com.brunocarol.transpco.model.Franquia@22, br.com.brunocarol.transpco.model.Franquia@25, br.com.brunocarol.transpco.model.Franquia@20, br.com.brunocarol.transpco.model.Franquia@23]
2019-12-07 04:31:06,727 INFO br.com.brunocarol.transpco.service.EncomendaService [http-nio-8080-exec-2] Tipo de Encomenda Expressa br.com.brunocarol.transpco.model.Encomenda@1f
2019-12-07 04:31:06,727 INFO br.com.brunocarol.transpco.service.EncomendaService [http-nio-8080-exec-2] A Rota foi calculada com sucesso
2019-12-07 04:31:06,735 INFO br.com.brunocarol.transpco.controller.EncomendaController [http-nio-8080-exec-3] Creating 'Encomenda' on data source
2019-12-07 04:31:06,735 INFO br.com.brunocarol.transpco.service.EncomendaService [http-nio-8080-exec-3] Encomenda salva com sucesso
2019-12-07 04:31:06,755 INFO br.com.brunocarol.transpco.controller.EncomendaController [http-nio-8080-exec-4] Listing 'Encomenda' on data source
2019-12-07 04:31:06,755 INFO br.com.brunocarol.transpco.service.EncomendaService [http-nio-8080-exec-4] Lista com todas as Encomendas
2019-12-07 04:31:36,622 INFO br.com.brunocarol.transpco.controller.EncomendaController [http-nio-8080-exec-5] Calculating route 'Encomenda' on data source
2019-12-07 04:31:36,632 INFO br.com.brunocarol.transpco.service.EncomendaService [http-nio-8080-exec-5] Rota retornada com sucesso[br.com.brunocarol.transpco.model.Franquia@23, br.com.brunocarol.transpco.model.Franquia@20]
2019-12-07 04:31:36,632 INFO br.com.brunocarol.transpco.service.EncomendaService [http-nio-8080-exec-5] Tipo de Encomenda24H br.com.brunocarol.transpco.model.Encomenda@1f
2019-12-07 04:31:36,633 INFO br.com.brunocarol.transpco.service.EncomendaService [http-nio-8080-exec-5] A Rota foi calculada com sucesso
2019-12-07 04:31:36,643 INFO br.com.brunocarol.transpco.controller.EncomendaController [http-nio-8080-exec-7] Creating 'Encomenda' on data source
2019-12-07 04:31:36,643 INFO br.com.brunocarol.transpco.service.EncomendaService [http-nio-8080-exec-7] Encomenda salva com sucesso
2019-12-07 04:31:36,660 INFO br.com.brunocarol.transpco.controller.EncomendaController [http-nio-8080-exec-6] Listing 'Encomenda' on data source
2019-12-07 04:31:36,660 INFO br.com.brunocarol.transpco.service.EncomendaService [http-nio-8080-exec-6] Lista com todas as Encomendas
2019-12-07 04:32:43,035 INFO br.com.brunocarol.transpco.controller.FranquiaController [http-nio-8080-exec-10] Listing 'Franquia' on data source
2019-12-07 04:32:43,035 INFO br.com.brunocarol.transpco.controller.EncomendaController [http-nio-8080-exec-8] Listing 'Encomenda' on data source
2019-12-07 04:32:43,035 INFO br.com.brunocarol.transpco.service.EncomendaService [http-nio-8080-exec-8] Lista com todas as Encomendas
2019-12-07 04:33:11,213 INFO br.com.brunocarol.transpco.controller.FranquiaController [http-nio-8080-exec-2] Listing 'Franquia' on data source
2019-12-07 04:33:11,213 INFO br.com.brunocarol.transpco.controller.FuncionarioController [http-nio-8080-exec-1] Listing 'Funcionario' on data source
2019-12-07 04:33:14,503 INFO br.com.brunocarol.transpco.controller.FranquiaController [http-nio-8080-exec-4] Listing 'Franquia' on data source
2019-12-07 04:33:14,503 INFO br.com.brunocarol.transpco.controller.EncomendaController [http-nio-8080-exec-3] Listing 'Encomenda' on data source
2019-12-07 04:33:14,503 INFO br.com.brunocarol.transpco.service.EncomendaService [http-nio-8080-exec-3] Lista com todas as Encomendas
2019-12-07 04:33:16,725 INFO br.com.brunocarol.transpco.controller.FranquiaController [http-nio-8080-exec-5] Listing 'Franquia' on data source
2019-12-07 04:33:16,725 INFO br.com.brunocarol.transpco.controller.FuncionarioController [http-nio-8080-exec-7] Listing 'Funcionario' on data source
2019-12-07 04:33:17,077 INFO br.com.brunocarol.transpco.controller.FranquiaController [http-nio-8080-exec-6] Listing 'Franquia' on data source
2019-12-07 04:34:33,358 INFO br.com.brunocarol.transpco.controller.FuncionarioController [http-nio-8080-exec-2] Listing 'Funcionario' on data source
2019-12-07 04:34:33,358 INFO br.com.brunocarol.transpco.controller.FranquiaController [http-nio-8080-exec-8] Listing 'Franquia' on data source
2019-12-07 04:34:43,087 INFO br.com.brunocarol.transpco.controller.EncomendaController [http-nio-8080-exec-4] Listing 'Encomenda' on data source
2019-12-07 04:34:43,087 INFO br.com.brunocarol.transpco.controller.FranquiaController [http-nio-8080-exec-1] Listing 'Franquia' on data source
2019-12-07 04:34:43,087 INFO br.com.brunocarol.transpco.service.EncomendaService [http-nio-8080-exec-4] Lista com todas as Encomendas
2019-12-07 05:02:00,843 INFO org.springframework.boot.StartupInfoLogger [restartedMain] Starting TranspcoApplication on DESKTOP-0O5U4EA with PID 4448 (D:\Windows\Documentos\EclipseProjects\TransPCO-master\target\classes started by Estêvão in D:\Windows\Documentos\EclipseProjects\TransPCO-master)
2019-12-07 05:02:00,843 INFO org.springframework.boot.SpringApplication [restartedMain] No active profile set, falling back to default profiles: default
2019-12-07 05:02:01,015 INFO org.springframework.boot.logging.DeferredLog [restartedMain] Devtools property defaults active! Set 'spring.devtools.add-properties' to 'false' to disable
2019-12-07 05:02:01,015 INFO org.springframework.boot.logging.DeferredLog [restartedMain] For additional web related logging consider setting the 'logging.level.web' property to 'DEBUG'
2019-12-07 05:02:01,702 INFO org.springframework.data.repository.config.RepositoryConfigurationDelegate [restartedMain] Bootstrapping Spring Data repositories in DEFAULT mode.
2019-12-07 05:02:01,758 INFO org.springframework.data.repository.config.RepositoryConfigurationDelegate [restartedMain] Finished Spring Data repository scanning in 47ms. Found 3 repository interfaces.
2019-12-07 05:02:02,055 INFO org.springframework.context.support.PostProcessorRegistrationDelegate$BeanPostProcessorChecker [restartedMain] Bean 'org.springframework.transaction.annotation.ProxyTransactionManagementConfiguration' of type [org.springframework.transaction.annotation.ProxyTransactionManagementConfiguration$$EnhancerBySpringCGLIB$$eda87b14] is not eligible for getting processed by all BeanPostProcessors (for example: not eligible for auto-proxying)
2019-12-07 05:02:02,508 INFO org.springframework.boot.web.embedded.tomcat.TomcatWebServer [restartedMain] Tomcat initialized with port(s): 8080 (http)
2019-12-07 05:02:02,524 INFO org.apache.juli.logging.DirectJDKLog [restartedMain] Initializing ProtocolHandler ["http-nio-8080"]
2019-12-07 05:02:02,524 INFO org.apache.juli.logging.DirectJDKLog [restartedMain] Starting service [Tomcat]
2019-12-07 05:02:02,539 INFO org.apache.juli.logging.DirectJDKLog [restartedMain] Starting Servlet engine: [Apache Tomcat/9.0.24]
2019-12-07 05:02:02,633 INFO org.apache.juli.logging.DirectJDKLog [restartedMain] Initializing Spring embedded WebApplicationContext
2019-12-07 05:02:02,633 INFO org.springframework.boot.web.servlet.context.ServletWebServerApplicationContext [restartedMain] Root WebApplicationContext: initialization completed in 1618 ms
2019-12-07 05:02:02,774 INFO com.zaxxer.hikari.HikariDataSource [restartedMain] HikariPool-1 - Starting...
2019-12-07 05:02:02,894 INFO com.zaxxer.hikari.HikariDataSource [restartedMain] HikariPool-1 - Start completed.
2019-12-07 05:02:02,941 INFO org.hibernate.jpa.internal.util.LogHelper [restartedMain] HHH000204: Processing PersistenceUnitInfo [
	name: default
	...]
2019-12-07 05:02:02,988 INFO org.hibernate.Version [restartedMain] HHH000412: Hibernate Core {5.3.11.Final}
2019-12-07 05:02:02,988 INFO org.hibernate.cfg.Environment [restartedMain] HHH000206: hibernate.properties not found
2019-12-07 05:02:03,113 INFO org.hibernate.annotations.common.reflection.java.JavaReflectionManager [restartedMain] HCANN000001: Hibernate Commons Annotations {5.0.4.Final}
2019-12-07 05:02:03,269 INFO org.hibernate.dialect.Dialect [restartedMain] HHH000400: Using dialect: org.hibernate.dialect.MySQL5Dialect
2019-12-07 05:02:03,974 INFO org.hibernate.tool.schema.internal.SchemaCreatorImpl [restartedMain] HHH000476: Executing import script 'ScriptSourceInputFromUrl(file:/D:/Windows/Documentos/EclipseProjects/TransPCO-master/target/classes/import.sql)'
2019-12-07 05:02:04,021 INFO org.springframework.orm.jpa.AbstractEntityManagerFactoryBean [restartedMain] Initialized JPA EntityManagerFactory for persistence unit 'default'
2019-12-07 05:02:04,021 INFO org.springframework.boot.devtools.autoconfigure.OptionalLiveReloadServer [restartedMain] LiveReload server is running on port 35729
2019-12-07 05:02:04,615 INFO org.springframework.scheduling.concurrent.ExecutorConfigurationSupport [restartedMain] Initializing ExecutorService 'applicationTaskExecutor'
2019-12-07 05:02:04,662 WARN org.springframework.boot.autoconfigure.orm.jpa.JpaBaseConfiguration$JpaWebConfiguration$JpaWebMvcConfiguration [restartedMain] spring.jpa.open-in-view is enabled by default. Therefore, database queries may be performed during view rendering. Explicitly configure spring.jpa.open-in-view to disable this warning
2019-12-07 05:02:05,052 INFO org.apache.juli.logging.DirectJDKLog [restartedMain] Starting ProtocolHandler ["http-nio-8080"]
2019-12-07 05:02:05,076 INFO org.springframework.boot.web.embedded.tomcat.TomcatWebServer [restartedMain] Tomcat started on port(s): 8080 (http) with context path ''
2019-12-07 05:02:05,076 INFO org.springframework.boot.StartupInfoLogger [restartedMain] Started TranspcoApplication in 4.452 seconds (JVM running for 4.859)
